Using pre-set license
Built from '2021.3/staging' branch; Version is '2021.3.8f1 (b30333d56e81) revision 11731763'; Using compiler version '192829333'; Build Type 'Release'
OS: 'Windows 11  (10.0.22000) 64bit Core' Language: 'en' Physical Memory: 15792 MB
BatchMode: 1, IsHumanControllingUs: 0, StartBugReporterOnCrash: 0, Is64bit: 1, IsPro: 1

COMMAND LINE ARGUMENTS:
C:\Program Files\Unity\Hub\Editor\2021.3.8f1\Editor\Unity.exe
-adb2
-batchMode
-noUpm
-name
AssetImportWorker4
-projectPath
C:/Users/artur/My First Game/Pool8Preview
-logFile
Logs/AssetImportWorker4.log
-srvPort
52634
Successfully changed project path to: C:/Users/artur/My First Game/Pool8Preview
C:/Users/artur/My First Game/Pool8Preview
[UnityMemory] Configuration Parameters - Can be set up in boot.config
    "memorysetup-bucket-allocator-granularity=16"
    "memorysetup-bucket-allocator-bucket-count=8"
    "memorysetup-bucket-allocator-block-size=33554432"
    "memorysetup-bucket-allocator-block-count=8"
    "memorysetup-main-allocator-block-size=16777216"
    "memorysetup-thread-allocator-block-size=16777216"
    "memorysetup-gfx-main-allocator-block-size=16777216"
    "memorysetup-gfx-thread-allocator-block-size=16777216"
    "memorysetup-cache-allocator-block-size=4194304"
    "memorysetup-typetree-allocator-block-size=2097152"
    "memorysetup-profiler-bucket-allocator-granularity=16"
    "memorysetup-profiler-bucket-allocator-bucket-count=8"
    "memorysetup-profiler-bucket-allocator-block-size=33554432"
    "memorysetup-profiler-bucket-allocator-block-count=8"
    "memorysetup-profiler-allocator-block-size=16777216"
    "memorysetup-profiler-editor-allocator-block-size=1048576"
    "memorysetup-temp-allocator-size-main=16777216"
    "memorysetup-job-temp-allocator-block-size=2097152"
    "memorysetup-job-temp-allocator-block-size-background=1048576"
    "memorysetup-job-temp-allocator-reduction-small-platforms=262144"
    "memorysetup-temp-allocator-size-background-worker=32768"
    "memorysetup-temp-allocator-size-job-worker=262144"
    "memorysetup-temp-allocator-size-preload-manager=33554432"
    "memorysetup-temp-allocator-size-nav-mesh-worker=65536"
    "memorysetup-temp-allocator-size-audio-worker=65536"
    "memorysetup-temp-allocator-size-cloud-worker=32768"
    "memorysetup-temp-allocator-size-gi-baking-worker=262144"
    "memorysetup-temp-allocator-size-gfx=262144"
Refreshing native plugins compatible for Editor in 36.99 ms, found 4 plugins.
Preloading 0 native plugins for Editor in 0.00 ms.
Initialize engine version: 2021.3.8f1 (b30333d56e81)
[Subsystems] Discovering subsystems at path C:/Program Files/Unity/Hub/Editor/2021.3.8f1/Editor/Data/Resources/UnitySubsystems
[Subsystems] Discovering subsystems at path C:/Users/artur/My First Game/Pool8Preview/Assets
GfxDevice: creating device client; threaded=0; jobified=0
Direct3D:
    Version:  Direct3D 11.0 [level 11.1]
    Renderer: NVIDIA GeForce RTX 3050 Ti Laptop GPU (ID=0x25a0)
    Vendor:   NVIDIA
    VRAM:     3990 MB
    Driver:   31.0.15.2225
Initialize mono
Mono path[0] = 'C:/Program Files/Unity/Hub/Editor/2021.3.8f1/Editor/Data/Managed'
Mono path[1] = 'C:/Program Files/Unity/Hub/Editor/2021.3.8f1/Editor/Data/MonoBleedingEdge/lib/mono/unityjit-win32'
Mono config path = 'C:/Program Files/Unity/Hub/Editor/2021.3.8f1/Editor/Data/MonoBleedingEdge/etc'
Using monoOptions --debugger-agent=transport=dt_socket,embedding=1,server=y,suspend=n,address=127.0.0.1:56284
Begin MonoManager ReloadAssembly
Registering precompiled unity dll's ...
Register platform support module: C:/Program Files/Unity/Hub/Editor/2021.3.8f1/Editor/Data/PlaybackEngines/WebGLSupport/UnityEditor.WebGL.Extensions.dll
Register platform support module: C:/Program Files/Unity/Hub/Editor/2021.3.8f1/Editor/Data/PlaybackEngines/AndroidPlayer/UnityEditor.Android.Extensions.dll
Register platform support module: C:/Program Files/Unity/Hub/Editor/2021.3.8f1/Editor/Data/PlaybackEngines/iOSSupport/UnityEditor.iOS.Extensions.dll
Register platform support module: C:/Program Files/Unity/Hub/Editor/2021.3.8f1/Editor/Data/PlaybackEngines/WindowsStandaloneSupport/UnityEditor.WindowsStandalone.Extensions.dll
Register platform support module: C:/Program Files/Unity/Hub/Editor/2021.3.8f1/Editor/Data/PlaybackEngines/MetroSupport/UnityEditor.UWP.Extensions.dll
Registered in 0.010601 seconds.
Native extension for UWP target not found
Native extension for WindowsStandalone target not found
[usbmuxd] Start listen thread
[usbmuxd] Listen thread started
[usbmuxd] Send listen message
Native extension for iOS target not found
Native extension for Android target not found
Native extension for WebGL target not found
Refreshing native plugins compatible for Editor in 35.94 ms, found 4 plugins.
Preloading 0 native plugins for Editor in 0.00 ms.
Mono: successfully reloaded assembly
- Completed reload, in  0.640 seconds
Domain Reload Profiling:
	ReloadAssembly (641ms)
		BeginReloadAssembly (84ms)
			ExecutionOrderSort (0ms)
			DisableScriptedObjects (0ms)
			BackupInstance (0ms)
			ReleaseScriptingObjects (0ms)
			CreateAndSetChildDomain (1ms)
		EndReloadAssembly (437ms)
			LoadAssemblies (84ms)
			RebuildTransferFunctionScriptingTraits (0ms)
			SetupTypeCache (120ms)
			ReleaseScriptCaches (0ms)
			RebuildScriptCaches (26ms)
			SetupLoadedEditorAssemblies (241ms)
				LogAssemblyErrors (0ms)
				InitializePlatformSupportModulesInManaged (68ms)
				SetLoadedEditorAssemblies (0ms)
				RefreshPlugins (36ms)
				BeforeProcessingInitializeOnLoad (1ms)
				ProcessInitializeOnLoadAttributes (93ms)
				ProcessInitializeOnLoadMethodAttributes (42ms)
				AfterProcessingInitializeOnLoad (0ms)
				EditorAssembliesLoaded (0ms)
			ExecutionOrderSort2 (0ms)
			AwakeInstancesAfterBackupRestoration (0ms)
Platform modules already initialized, skipping
Registering precompiled user dll's ...
Registered in 0.005144 seconds.
Begin MonoManager ReloadAssembly
Native extension for UWP target not found
Native extension for WindowsStandalone target not found
Native extension for iOS target not found
Native extension for Android target not found
Native extension for WebGL target not found
Refreshing native plugins compatible for Editor in 0.65 ms, found 4 plugins.
Preloading 0 native plugins for Editor in 0.00 ms.
Mono: successfully reloaded assembly
- Completed reload, in  1.113 seconds
Domain Reload Profiling:
	ReloadAssembly (1114ms)
		BeginReloadAssembly (238ms)
			ExecutionOrderSort (0ms)
			DisableScriptedObjects (5ms)
			BackupInstance (0ms)
			ReleaseScriptingObjects (0ms)
			CreateAndSetChildDomain (126ms)
		EndReloadAssembly (754ms)
			LoadAssemblies (106ms)
			RebuildTransferFunctionScriptingTraits (0ms)
			SetupTypeCache (217ms)
			ReleaseScriptCaches (1ms)
			RebuildScriptCaches (47ms)
			SetupLoadedEditorAssemblies (357ms)
				LogAssemblyErrors (0ms)
				InitializePlatformSupportModulesInManaged (39ms)
				SetLoadedEditorAssemblies (1ms)
				RefreshPlugins (1ms)
				BeforeProcessingInitializeOnLoad (60ms)
				ProcessInitializeOnLoadAttributes (218ms)
				ProcessInitializeOnLoadMethodAttributes (31ms)
				AfterProcessingInitializeOnLoad (8ms)
				EditorAssembliesLoaded (0ms)
			ExecutionOrderSort2 (0ms)
			AwakeInstancesAfterBackupRestoration (6ms)
Platform modules already initialized, skipping
========================================================================
Worker process is ready to serve import requests
Launched and connected shader compiler UnityShaderCompiler.exe after 0.06 seconds
Refreshing native plugins compatible for Editor in 0.58 ms, found 4 plugins.
Preloading 0 native plugins for Editor in 0.00 ms.
Unloading 1860 Unused Serialized files (Serialized files now loaded: 0)
Unloading 22 unused Assets / (55.6 KB). Loaded Objects now: 2328.
Memory consumption went from 78.1 MB to 78.0 MB.
Total: 3.564400 ms (FindLiveObjects: 0.321400 ms CreateObjectMapping: 0.056300 ms MarkObjects: 3.056500 ms  DeleteObjects: 0.128700 ms)

AssetImportParameters requested are different than current active one (requested -> active):
  custom:video-decoder-ogg-theora: a1e56fd34408186e4bbccfd4996cb3dc -> 
  custom:container-muxer-webm: aa71ff27fc2769a1b78a27578f13a17b -> 
  custom:container-demuxer-webm: 4f35f7cbe854078d1ac9338744f61a02 -> 
  custom:video-encoder-webm-vp8: eb34c28f22e8b96e1ab97ce403110664 -> 
  custom:video-codec-MediaFoundation-h265: 746d11721c4dcdbdad8f713fa42b33f4 -> 
  custom:audio-encoder-webm-vorbis: bf7c407c2cedff20999df2af8eb42d56 -> 
  custom:framework-win-MediaFoundation: 216162199b28c13a410421893ffa2e32 -> 
  custom:container-demuxer-ogg: 62fdf1f143b41e24485cea50d1cbac27 -> 
  custom:video-decoder-webm-vp8: 9c59270c3fd7afecdb556c50c9e8de78 -> 
  custom:audio-decoder-ogg-vorbis: bf7c407c2cedff20999df2af8eb42d56 -> 
========================================================================
Received Import Request.
  Time since last request: 1084494.383583 seconds.
  path: Assets/AssetStore/Billiard Balls/Textures/Ball_00.png
  artifactKey: Guid(051e5b37d05fdf447b507a36b9d46184) Importer(815301076,1909f56bfc062723c751e8b465ee728b)
Start importing Assets/AssetStore/Billiard Balls/Textures/Ball_00.png using Guid(051e5b37d05fdf447b507a36b9d46184) Importer(815301076,1909f56bfc062723c751e8b465ee728b)  -> (artifact id: '31d2b856b3b10d64903a520c06ff5f84') in 0.090299 seconds 
========================================================================
Received Import Request.
  Time since last request: 22.058103 seconds.
  path: Assets/AssetStore/Billiard Balls/Textures/Ball_09.png
  artifactKey: Guid(bf1d67dfbf7392a49bfa102244f81c37) Importer(815301076,1909f56bfc062723c751e8b465ee728b)
Start importing Assets/AssetStore/Billiard Balls/Textures/Ball_09.png using Guid(bf1d67dfbf7392a49bfa102244f81c37) Importer(815301076,1909f56bfc062723c751e8b465ee728b)  -> (artifact id: '5a958df1af4f8b0a3524fc74432559b9') in 0.024535 seconds 
========================================================================
Received Import Request.
  Time since last request: 19.885512 seconds.
  path: Assets/AssetStore/Billiard Balls/Textures/Ball_01.png
  artifactKey: Guid(80a3844b460c7414e81f5dcc649cd103) Importer(815301076,1909f56bfc062723c751e8b465ee728b)
Start importing Assets/AssetStore/Billiard Balls/Textures/Ball_01.png using Guid(80a3844b460c7414e81f5dcc649cd103) Importer(815301076,1909f56bfc062723c751e8b465ee728b)  -> (artifact id: '99faf3edccdc5b883142426013a8dc57') in 0.025461 seconds 
========================================================================
Received Import Request.
  Time since last request: 476.773893 seconds.
  path: Assets/AssetStore/Billiard Balls/Textures/Ball_08.png
  artifactKey: Guid(6f72c63fb30a3bc4782d919c52ce1b64) Importer(815301076,1909f56bfc062723c751e8b465ee728b)
Start importing Assets/AssetStore/Billiard Balls/Textures/Ball_08.png using Guid(6f72c63fb30a3bc4782d919c52ce1b64) Importer(815301076,1909f56bfc062723c751e8b465ee728b)  -> (artifact id: '28953d6c6c3689472b79611950c1f8ac') in 0.036394 seconds 
========================================================================
Received Import Request.
  Time since last request: 62.723248 seconds.
  path: Assets/AssetStore/Billiard Balls/Textures/Ball_14.png
  artifactKey: Guid(6fcf9428bb2ffb343a474a2f8cb53b38) Importer(815301076,1909f56bfc062723c751e8b465ee728b)
Start importing Assets/AssetStore/Billiard Balls/Textures/Ball_14.png using Guid(6fcf9428bb2ffb343a474a2f8cb53b38) Importer(815301076,1909f56bfc062723c751e8b465ee728b)  -> (artifact id: 'db0148fea48334b3d03b92c00d9932b7') in 0.029731 seconds 
========================================================================
Received Import Request.
  Time since last request: 3.458986 seconds.
  path: Assets/AssetStore/Billiard Balls/Textures/Ball_15.png
  artifactKey: Guid(7e019a785cdd4c24c8b68c7a63de372f) Importer(815301076,1909f56bfc062723c751e8b465ee728b)
Start importing Assets/AssetStore/Billiard Balls/Textures/Ball_15.png using Guid(7e019a785cdd4c24c8b68c7a63de372f) Importer(815301076,1909f56bfc062723c751e8b465ee728b)  -> (artifact id: '3431f97a9aeb91173951babb28ae62dc') in 0.024513 seconds 
========================================================================
Received Import Request.
  Time since last request: 71.819196 seconds.
  path: Assets/Game/Prefabs
  artifactKey: Guid(ae20e4f78dbf22d4faa97e14019faba3) Importer(815301076,1909f56bfc062723c751e8b465ee728b)
Start importing Assets/Game/Prefabs using Guid(ae20e4f78dbf22d4faa97e14019faba3) Importer(815301076,1909f56bfc062723c751e8b465ee728b)  -> (artifact id: 'df0e626bc6f920997548fa0b88b9b81e') in 0.002661 seconds 
========================================================================
Received Import Request.
  Time since last request: 5.169998 seconds.
  path: Assets/Game/Physics/Ball 10.prefab
  artifactKey: Guid(4607f7e11c9c75746bf7dbc150cc4ca7) Importer(815301076,1909f56bfc062723c751e8b465ee728b)
Start importing Assets/Game/Physics/Ball 10.prefab using Guid(4607f7e11c9c75746bf7dbc150cc4ca7) Importer(815301076,1909f56bfc062723c751e8b465ee728b)  -> (artifact id: '52dc6b5be164663561e61b0161bc6009') in 0.105285 seconds 
========================================================================
Received Import Request.
  Time since last request: 0.000027 seconds.
  path: Assets/Game/Physics/Ball 12.prefab
  artifactKey: Guid(1974f26c65b06c445bf92e4ec82fb164) Importer(815301076,1909f56bfc062723c751e8b465ee728b)
Start importing Assets/Game/Physics/Ball 12.prefab using Guid(1974f26c65b06c445bf92e4ec82fb164) Importer(815301076,1909f56bfc062723c751e8b465ee728b)  -> (artifact id: 'eedc40e919db9f7523d069340763e1cc') in 0.032282 seconds 
========================================================================
Received Import Request.
  Time since last request: 0.000051 seconds.
  path: Assets/Game/Physics/Ball 15.prefab
  artifactKey: Guid(c70fd829a92ff5c45886f9eda39df53e) Importer(815301076,1909f56bfc062723c751e8b465ee728b)
Start importing Assets/Game/Physics/Ball 15.prefab using Guid(c70fd829a92ff5c45886f9eda39df53e) Importer(815301076,1909f56bfc062723c751e8b465ee728b)  -> (artifact id: 'f8684970697d33a0d2cb1975e3c8bd47') in 0.030104 seconds 
========================================================================
Received Import Request.
  Time since last request: 0.000033 seconds.
  path: Assets/Game/Physics/Ball 11.prefab
  artifactKey: Guid(75f5197d47b209943b7348e8cc952898) Importer(815301076,1909f56bfc062723c751e8b465ee728b)
Start importing Assets/Game/Physics/Ball 11.prefab using Guid(75f5197d47b209943b7348e8cc952898) Importer(815301076,1909f56bfc062723c751e8b465ee728b)  -> (artifact id: '8a60a46119ba3a58cb129cede281ef75') in 0.026041 seconds 
========================================================================
Received Import Request.
  Time since last request: 0.000034 seconds.
  path: Assets/Game/Physics/Ball 9.prefab
  artifactKey: Guid(f5de393ef42ec2d4fbd10e9e4e0139dd) Importer(815301076,1909f56bfc062723c751e8b465ee728b)
Start importing Assets/Game/Physics/Ball 9.prefab using Guid(f5de393ef42ec2d4fbd10e9e4e0139dd) Importer(815301076,1909f56bfc062723c751e8b465ee728b)  -> (artifact id: '04f89b122f0b7da93cf9826d871e7d3c') in 0.032720 seconds 
========================================================================
Received Import Request.
  Time since last request: 0.000021 seconds.
  path: Assets/Game/Physics/Ball 3.prefab
  artifactKey: Guid(1e07d07c657b48243a5ef0c81b224c9e) Importer(815301076,1909f56bfc062723c751e8b465ee728b)
Start importing Assets/Game/Physics/Ball 3.prefab using Guid(1e07d07c657b48243a5ef0c81b224c9e) Importer(815301076,1909f56bfc062723c751e8b465ee728b)  -> (artifact id: '57408b8b4f60c013fb8965c1817852c3') in 0.030621 seconds 
========================================================================
Received Import Request.
  Time since last request: 0.000042 seconds.
  path: Assets/Game/Physics/Ball 4.prefab
  artifactKey: Guid(cad8848d5ff780b498f2e6fd686c1669) Importer(815301076,1909f56bfc062723c751e8b465ee728b)
Start importing Assets/Game/Physics/Ball 4.prefab using Guid(cad8848d5ff780b498f2e6fd686c1669) Importer(815301076,1909f56bfc062723c751e8b465ee728b)  -> (artifact id: '12a43bdfe14f1d1f284120c5c9233288') in 0.036678 seconds 
========================================================================
Received Import Request.
  Time since last request: 0.000030 seconds.
  path: Assets/Game/Physics/Ball 14.prefab
  artifactKey: Guid(5c99cef0036be094bba20a3ae5c6c62c) Importer(815301076,1909f56bfc062723c751e8b465ee728b)
Start importing Assets/Game/Physics/Ball 14.prefab using Guid(5c99cef0036be094bba20a3ae5c6c62c) Importer(815301076,1909f56bfc062723c751e8b465ee728b)  -> (artifact id: 'e7195d1ea572c193e890e4146066146e') in 0.038200 seconds 
========================================================================
Received Import Request.
  Time since last request: 0.000031 seconds.
  path: Assets/Game/Physics/Ball 8.prefab
  artifactKey: Guid(863d9c26e60c4094e8731fcf3670d2e4) Importer(815301076,1909f56bfc062723c751e8b465ee728b)
Start importing Assets/Game/Physics/Ball 8.prefab using Guid(863d9c26e60c4094e8731fcf3670d2e4) Importer(815301076,1909f56bfc062723c751e8b465ee728b)  -> (artifact id: '2ec3aaece96d9f11c45187479e2e5293') in 0.027293 seconds 
Editor requested this worker to shutdown with reason: Scaling down because of idle timeout
AssetImportWorker is now disconnected from the server
Process exiting
Exiting without the bug reporter. Application will terminate with return code 0