Using pre-set license
Built from '2021.3/staging' branch; Version is '2021.3.8f1 (b30333d56e81) revision 11731763'; Using compiler version '192829333'; Build Type 'Release'
OS: 'Windows 11  (10.0.22000) 64bit Core' Language: 'en' Physical Memory: 15792 MB
BatchMode: 1, IsHumanControllingUs: 0, StartBugReporterOnCrash: 0, Is64bit: 1, IsPro: 1

COMMAND LINE ARGUMENTS:
C:\Program Files\Unity\Hub\Editor\2021.3.8f1\Editor\Unity.exe
-adb2
-batchMode
-noUpm
-name
AssetImportWorker0
-projectPath
C:/Users/artur/My First Game/Pool8Preview
-logFile
Logs/AssetImportWorker0.log
-srvPort
52634
Successfully changed project path to: C:/Users/artur/My First Game/Pool8Preview
C:/Users/artur/My First Game/Pool8Preview
[UnityMemory] Configuration Parameters - Can be set up in boot.config
    "memorysetup-bucket-allocator-granularity=16"
    "memorysetup-bucket-allocator-bucket-count=8"
    "memorysetup-bucket-allocator-block-size=33554432"
    "memorysetup-bucket-allocator-block-count=8"
    "memorysetup-main-allocator-block-size=16777216"
    "memorysetup-thread-allocator-block-size=16777216"
    "memorysetup-gfx-main-allocator-block-size=16777216"
    "memorysetup-gfx-thread-allocator-block-size=16777216"
    "memorysetup-cache-allocator-block-size=4194304"
    "memorysetup-typetree-allocator-block-size=2097152"
    "memorysetup-profiler-bucket-allocator-granularity=16"
    "memorysetup-profiler-bucket-allocator-bucket-count=8"
    "memorysetup-profiler-bucket-allocator-block-size=33554432"
    "memorysetup-profiler-bucket-allocator-block-count=8"
    "memorysetup-profiler-allocator-block-size=16777216"
    "memorysetup-profiler-editor-allocator-block-size=1048576"
    "memorysetup-temp-allocator-size-main=16777216"
    "memorysetup-job-temp-allocator-block-size=2097152"
    "memorysetup-job-temp-allocator-block-size-background=1048576"
    "memorysetup-job-temp-allocator-reduction-small-platforms=262144"
    "memorysetup-temp-allocator-size-background-worker=32768"
    "memorysetup-temp-allocator-size-job-worker=262144"
    "memorysetup-temp-allocator-size-preload-manager=33554432"
    "memorysetup-temp-allocator-size-nav-mesh-worker=65536"
    "memorysetup-temp-allocator-size-audio-worker=65536"
    "memorysetup-temp-allocator-size-cloud-worker=32768"
    "memorysetup-temp-allocator-size-gi-baking-worker=262144"
    "memorysetup-temp-allocator-size-gfx=262144"
Refreshing native plugins compatible for Editor in 35.72 ms, found 4 plugins.
Preloading 0 native plugins for Editor in 0.00 ms.
Initialize engine version: 2021.3.8f1 (b30333d56e81)
[Subsystems] Discovering subsystems at path C:/Program Files/Unity/Hub/Editor/2021.3.8f1/Editor/Data/Resources/UnitySubsystems
[Subsystems] Discovering subsystems at path C:/Users/artur/My First Game/Pool8Preview/Assets
GfxDevice: creating device client; threaded=0; jobified=0
Direct3D:
    Version:  Direct3D 11.0 [level 11.1]
    Renderer: NVIDIA GeForce RTX 3050 Ti Laptop GPU (ID=0x25a0)
    Vendor:   NVIDIA
    VRAM:     3990 MB
    Driver:   31.0.15.2225
Initialize mono
Mono path[0] = 'C:/Program Files/Unity/Hub/Editor/2021.3.8f1/Editor/Data/Managed'
Mono path[1] = 'C:/Program Files/Unity/Hub/Editor/2021.3.8f1/Editor/Data/MonoBleedingEdge/lib/mono/unityjit-win32'
Mono config path = 'C:/Program Files/Unity/Hub/Editor/2021.3.8f1/Editor/Data/MonoBleedingEdge/etc'
Using monoOptions --debugger-agent=transport=dt_socket,embedding=1,server=y,suspend=n,address=127.0.0.1:56592
Begin MonoManager ReloadAssembly
Registering precompiled unity dll's ...
Register platform support module: C:/Program Files/Unity/Hub/Editor/2021.3.8f1/Editor/Data/PlaybackEngines/WebGLSupport/UnityEditor.WebGL.Extensions.dll
Register platform support module: C:/Program Files/Unity/Hub/Editor/2021.3.8f1/Editor/Data/PlaybackEngines/AndroidPlayer/UnityEditor.Android.Extensions.dll
Register platform support module: C:/Program Files/Unity/Hub/Editor/2021.3.8f1/Editor/Data/PlaybackEngines/iOSSupport/UnityEditor.iOS.Extensions.dll
Register platform support module: C:/Program Files/Unity/Hub/Editor/2021.3.8f1/Editor/Data/PlaybackEngines/WindowsStandaloneSupport/UnityEditor.WindowsStandalone.Extensions.dll
Register platform support module: C:/Program Files/Unity/Hub/Editor/2021.3.8f1/Editor/Data/PlaybackEngines/MetroSupport/UnityEditor.UWP.Extensions.dll
Registered in 0.011064 seconds.
Native extension for UWP target not found
Native extension for WindowsStandalone target not found
[usbmuxd] Start listen thread
[usbmuxd] Listen thread started
[usbmuxd] Send listen message
Native extension for iOS target not found
Native extension for Android target not found
Native extension for WebGL target not found
Refreshing native plugins compatible for Editor in 30.68 ms, found 4 plugins.
Preloading 0 native plugins for Editor in 0.00 ms.
Mono: successfully reloaded assembly
- Completed reload, in  0.644 seconds
Domain Reload Profiling:
	ReloadAssembly (645ms)
		BeginReloadAssembly (75ms)
			ExecutionOrderSort (0ms)
			DisableScriptedObjects (0ms)
			BackupInstance (0ms)
			ReleaseScriptingObjects (0ms)
			CreateAndSetChildDomain (1ms)
		EndReloadAssembly (454ms)
			LoadAssemblies (74ms)
			RebuildTransferFunctionScriptingTraits (0ms)
			SetupTypeCache (131ms)
			ReleaseScriptCaches (0ms)
			RebuildScriptCaches (29ms)
			SetupLoadedEditorAssemblies (245ms)
				LogAssemblyErrors (0ms)
				InitializePlatformSupportModulesInManaged (72ms)
				SetLoadedEditorAssemblies (0ms)
				RefreshPlugins (31ms)
				BeforeProcessingInitializeOnLoad (1ms)
				ProcessInitializeOnLoadAttributes (97ms)
				ProcessInitializeOnLoadMethodAttributes (44ms)
				AfterProcessingInitializeOnLoad (0ms)
				EditorAssembliesLoaded (0ms)
			ExecutionOrderSort2 (0ms)
			AwakeInstancesAfterBackupRestoration (0ms)
Platform modules already initialized, skipping
Registering precompiled user dll's ...
Registered in 0.005176 seconds.
Begin MonoManager ReloadAssembly
Native extension for UWP target not found
Native extension for WindowsStandalone target not found
Native extension for iOS target not found
Native extension for Android target not found
Native extension for WebGL target not found
Refreshing native plugins compatible for Editor in 0.85 ms, found 4 plugins.
Preloading 0 native plugins for Editor in 0.00 ms.
Mono: successfully reloaded assembly
- Completed reload, in  1.303 seconds
Domain Reload Profiling:
	ReloadAssembly (1305ms)
		BeginReloadAssembly (265ms)
			ExecutionOrderSort (0ms)
			DisableScriptedObjects (8ms)
			BackupInstance (0ms)
			ReleaseScriptingObjects (0ms)
			CreateAndSetChildDomain (134ms)
		EndReloadAssembly (911ms)
			LoadAssemblies (118ms)
			RebuildTransferFunctionScriptingTraits (0ms)
			SetupTypeCache (262ms)
			ReleaseScriptCaches (1ms)
			RebuildScriptCaches (62ms)
			SetupLoadedEditorAssemblies (434ms)
				LogAssemblyErrors (0ms)
				InitializePlatformSupportModulesInManaged (47ms)
				SetLoadedEditorAssemblies (1ms)
				RefreshPlugins (1ms)
				BeforeProcessingInitializeOnLoad (67ms)
				ProcessInitializeOnLoadAttributes (271ms)
				ProcessInitializeOnLoadMethodAttributes (37ms)
				AfterProcessingInitializeOnLoad (9ms)
				EditorAssembliesLoaded (0ms)
			ExecutionOrderSort2 (0ms)
			AwakeInstancesAfterBackupRestoration (6ms)
Platform modules already initialized, skipping
========================================================================
Worker process is ready to serve import requests
Launched and connected shader compiler UnityShaderCompiler.exe after 0.06 seconds
Refreshing native plugins compatible for Editor in 1.28 ms, found 4 plugins.
Preloading 0 native plugins for Editor in 0.00 ms.
Unloading 1860 Unused Serialized files (Serialized files now loaded: 0)
Unloading 22 unused Assets / (55.5 KB). Loaded Objects now: 2328.
Memory consumption went from 78.0 MB to 78.0 MB.
Total: 4.256800 ms (FindLiveObjects: 0.519900 ms CreateObjectMapping: 0.099900 ms MarkObjects: 3.451000 ms  DeleteObjects: 0.184300 ms)

AssetImportParameters requested are different than current active one (requested -> active):
  custom:video-decoder-ogg-theora: a1e56fd34408186e4bbccfd4996cb3dc -> 
  custom:container-muxer-webm: aa71ff27fc2769a1b78a27578f13a17b -> 
  custom:container-demuxer-webm: 4f35f7cbe854078d1ac9338744f61a02 -> 
  custom:video-encoder-webm-vp8: eb34c28f22e8b96e1ab97ce403110664 -> 
  custom:video-codec-MediaFoundation-h265: 746d11721c4dcdbdad8f713fa42b33f4 -> 
  custom:audio-encoder-webm-vorbis: bf7c407c2cedff20999df2af8eb42d56 -> 
  custom:framework-win-MediaFoundation: 216162199b28c13a410421893ffa2e32 -> 
  custom:container-demuxer-ogg: 62fdf1f143b41e24485cea50d1cbac27 -> 
  custom:video-decoder-webm-vp8: 9c59270c3fd7afecdb556c50c9e8de78 -> 
  custom:audio-decoder-ogg-vorbis: bf7c407c2cedff20999df2af8eb42d56 -> 
========================================================================
Received Import Request.
  Time since last request: 1083803.103377 seconds.
  path: Assets/Game/Textures
  artifactKey: Guid(4ef6a9465a16af04c9f504fdbc37ac47) Importer(815301076,1909f56bfc062723c751e8b465ee728b)
Start importing Assets/Game/Textures using Guid(4ef6a9465a16af04c9f504fdbc37ac47) Importer(815301076,1909f56bfc062723c751e8b465ee728b)  -> (artifact id: '81de4212612192f42b4750808f647b96') in 0.006473 seconds 
========================================================================
Received Import Request.
  Time since last request: 0.000041 seconds.
  path: Assets/Game/Textures/green.jpg
  artifactKey: Guid(ada52986fc69cc047b5dd8ddd91d94bd) Importer(815301076,1909f56bfc062723c751e8b465ee728b)
Start importing Assets/Game/Textures/green.jpg using Guid(ada52986fc69cc047b5dd8ddd91d94bd) Importer(815301076,1909f56bfc062723c751e8b465ee728b)  -> (artifact id: '41fa367f9cb9a55529f01e0defdcafeb') in 0.072040 seconds 
========================================================================
Received Import Request.
  Time since last request: 104.499007 seconds.
  path: Assets/Game/Materials/red.mat
  artifactKey: Guid(2affa93ac3577704c996f9ddc64a1f7e) Importer(815301076,1909f56bfc062723c751e8b465ee728b)
Start importing Assets/Game/Materials/red.mat using Guid(2affa93ac3577704c996f9ddc64a1f7e) Importer(815301076,1909f56bfc062723c751e8b465ee728b)  -> (artifact id: 'cf83075d347514de75c89e4c640e0124') in 0.233385 seconds 
========================================================================
Received Import Request.
  Time since last request: 145.998386 seconds.
  path: Assets/Game/Materials/yellow 1.mat
  artifactKey: Guid(75efd0c5da9d37a4187ebb3bf2596aaf) Importer(815301076,1909f56bfc062723c751e8b465ee728b)
Start importing Assets/Game/Materials/yellow 1.mat using Guid(75efd0c5da9d37a4187ebb3bf2596aaf) Importer(815301076,1909f56bfc062723c751e8b465ee728b)  -> (artifact id: '424dea7cc1e37f146620cd6b88963c6b') in 0.012502 seconds 
========================================================================
Received Import Request.
  Time since last request: 21.398381 seconds.
  path: Assets/Game/Materials
  artifactKey: Guid(dde5bd9809967304bbd54ab803e7f9b0) Importer(815301076,1909f56bfc062723c751e8b465ee728b)
Start importing Assets/Game/Materials using Guid(dde5bd9809967304bbd54ab803e7f9b0) Importer(815301076,1909f56bfc062723c751e8b465ee728b)  -> (artifact id: '99acd570f0053bde2ac22ebbcaffbd14') in 0.002656 seconds 
========================================================================
Received Import Request.
  Time since last request: 118.924762 seconds.
  path: Assets
  artifactKey: Guid(00000000000000001000000000000000) Importer(815301076,1909f56bfc062723c751e8b465ee728b)
Start importing Assets using Guid(00000000000000001000000000000000) Importer(815301076,1909f56bfc062723c751e8b465ee728b)  -> (artifact id: '79842766b460edbeab6a34051e857a80') in 0.002358 seconds 
========================================================================
Received Import Request.
  Time since last request: 8.983331 seconds.
  path: Assets/AssetStore
  artifactKey: Guid(d03a34662baff1547aa63edc76fcde65) Importer(815301076,1909f56bfc062723c751e8b465ee728b)
Start importing Assets/AssetStore using Guid(d03a34662baff1547aa63edc76fcde65) Importer(815301076,1909f56bfc062723c751e8b465ee728b)  -> (artifact id: 'c6295233fc8d29a3483082661633d4af') in 0.002504 seconds 
========================================================================
Received Import Request.
  Time since last request: 120.598176 seconds.
  path: Assets/AssetStore/Billiard Balls/Models
  artifactKey: Guid(83240d99634947345871e9abd29c5c0d) Importer(815301076,1909f56bfc062723c751e8b465ee728b)
Start importing Assets/AssetStore/Billiard Balls/Models using Guid(83240d99634947345871e9abd29c5c0d) Importer(815301076,1909f56bfc062723c751e8b465ee728b)  -> (artifact id: '238a3a653fbffde01457d4bf5073e308') in 0.013763 seconds 
========================================================================
Received Import Request.
  Time since last request: 0.132831 seconds.
  path: Assets/AssetStore/Billiard Balls/Models/Ball_UV.fbx
  artifactKey: Guid(97a4ef8c1c6400b4a8d59f5449acb828) Importer(815301076,1909f56bfc062723c751e8b465ee728b)
Start importing Assets/AssetStore/Billiard Balls/Models/Ball_UV.fbx using Guid(97a4ef8c1c6400b4a8d59f5449acb828) Importer(815301076,1909f56bfc062723c751e8b465ee728b)  -> (artifact id: 'a8701c9fab0d5352dd2b2154ec207231') in 0.177436 seconds 
========================================================================
Received Import Request.
  Time since last request: 4.997865 seconds.
  path: Assets/AssetStore/Billiard Balls/Models/Materials
  artifactKey: Guid(27c7b0263bd9df84aa51a875c5ba0ffb) Importer(815301076,1909f56bfc062723c751e8b465ee728b)
Start importing Assets/AssetStore/Billiard Balls/Models/Materials using Guid(27c7b0263bd9df84aa51a875c5ba0ffb) Importer(815301076,1909f56bfc062723c751e8b465ee728b)  -> (artifact id: 'd2c19655c6ef4f8b199e85a604c577b7') in 0.002351 seconds 
========================================================================
Received Import Request.
  Time since last request: 3.749015 seconds.
  path: Assets/AssetStore/Billiard Balls/Models/Materials/Ball_00.mat
  artifactKey: Guid(8cc2b025ccda83346ad105b7ef456779) Importer(815301076,1909f56bfc062723c751e8b465ee728b)
Start importing Assets/AssetStore/Billiard Balls/Models/Materials/Ball_00.mat using Guid(8cc2b025ccda83346ad105b7ef456779) Importer(815301076,1909f56bfc062723c751e8b465ee728b)  -> (artifact id: '0591bb99ab337f93c0202b0871d57337') in 0.034446 seconds 
========================================================================
Received Import Request.
  Time since last request: 0.000030 seconds.
  path: Assets/AssetStore/Billiard Balls/Models/Materials/Ball_08.mat
  artifactKey: Guid(c45b003771be722498854b1b83030b02) Importer(815301076,1909f56bfc062723c751e8b465ee728b)
Start importing Assets/AssetStore/Billiard Balls/Models/Materials/Ball_08.mat using Guid(c45b003771be722498854b1b83030b02) Importer(815301076,1909f56bfc062723c751e8b465ee728b)  -> (artifact id: '3194c3b46b43abd4bbd917a91f1cf3b5') in 0.028378 seconds 
========================================================================
Received Import Request.
  Time since last request: 0.000033 seconds.
  path: Assets/AssetStore/Billiard Balls/Models/Materials/Ball_13.mat
  artifactKey: Guid(c24369514e9a13542a953eea0b4cd197) Importer(815301076,1909f56bfc062723c751e8b465ee728b)
Start importing Assets/AssetStore/Billiard Balls/Models/Materials/Ball_13.mat using Guid(c24369514e9a13542a953eea0b4cd197) Importer(815301076,1909f56bfc062723c751e8b465ee728b)  -> (artifact id: '1e113521fdbb05bb10bbc3b04007dc73') in 0.029164 seconds 
========================================================================
Received Import Request.
  Time since last request: 0.000041 seconds.
  path: Assets/AssetStore/Billiard Balls/Models/Materials/Ball_12.mat
  artifactKey: Guid(a342ca42b78d5bc49911f90c03228ca2) Importer(815301076,1909f56bfc062723c751e8b465ee728b)
Start importing Assets/AssetStore/Billiard Balls/Models/Materials/Ball_12.mat using Guid(a342ca42b78d5bc49911f90c03228ca2) Importer(815301076,1909f56bfc062723c751e8b465ee728b)  -> (artifact id: '9736faf4acd19cdaeaa0aca5967773a9') in 0.027483 seconds 
========================================================================
Received Import Request.
  Time since last request: 0.000023 seconds.
  path: Assets/AssetStore/Billiard Balls/Models/Materials/Ball_02.mat
  artifactKey: Guid(e4e344c0eb86e2a4e943609b415db00a) Importer(815301076,1909f56bfc062723c751e8b465ee728b)
Start importing Assets/AssetStore/Billiard Balls/Models/Materials/Ball_02.mat using Guid(e4e344c0eb86e2a4e943609b415db00a) Importer(815301076,1909f56bfc062723c751e8b465ee728b)  -> (artifact id: '3c5dc1c095e2f8935e274504d688813d') in 0.026798 seconds 
========================================================================
Received Import Request.
  Time since last request: 0.000023 seconds.
  path: Assets/AssetStore/Billiard Balls/Models/Materials/Ball_06.mat
  artifactKey: Guid(13ff31df56b8b1745bb663dcb361accd) Importer(815301076,1909f56bfc062723c751e8b465ee728b)
Start importing Assets/AssetStore/Billiard Balls/Models/Materials/Ball_06.mat using Guid(13ff31df56b8b1745bb663dcb361accd) Importer(815301076,1909f56bfc062723c751e8b465ee728b)  -> (artifact id: '9f695c33632ea8175efe769247cb54fd') in 0.025962 seconds 
========================================================================
Received Import Request.
  Time since last request: 0.000040 seconds.
  path: Assets/AssetStore/Billiard Balls/Models/Materials/Ball_03.mat
  artifactKey: Guid(5b9eab9c7d244474989829165edfe900) Importer(815301076,1909f56bfc062723c751e8b465ee728b)
Start importing Assets/AssetStore/Billiard Balls/Models/Materials/Ball_03.mat using Guid(5b9eab9c7d244474989829165edfe900) Importer(815301076,1909f56bfc062723c751e8b465ee728b)  -> (artifact id: '71d9328c4f959c1700af4e50d9ec1c81') in 0.028379 seconds 
========================================================================
Received Import Request.
  Time since last request: 0.000038 seconds.
  path: Assets/AssetStore/Billiard Balls/Models/Materials/Ball_11.mat
  artifactKey: Guid(32f6e8cce36be524395e9b3ea787a259) Importer(815301076,1909f56bfc062723c751e8b465ee728b)
Start importing Assets/AssetStore/Billiard Balls/Models/Materials/Ball_11.mat using Guid(32f6e8cce36be524395e9b3ea787a259) Importer(815301076,1909f56bfc062723c751e8b465ee728b)  -> (artifact id: 'eef46cab0a307d67eae6c0ee36991cc0') in 0.027931 seconds 
========================================================================
Received Import Request.
  Time since last request: 0.000021 seconds.
  path: Assets/AssetStore/Billiard Balls/Models/Materials/Ball_14.mat
  artifactKey: Guid(97a36fe0242d31d4397e8b272635ebfb) Importer(815301076,1909f56bfc062723c751e8b465ee728b)
Start importing Assets/AssetStore/Billiard Balls/Models/Materials/Ball_14.mat using Guid(97a36fe0242d31d4397e8b272635ebfb) Importer(815301076,1909f56bfc062723c751e8b465ee728b)  -> (artifact id: 'e77af8aa36d86f602ce3a358ecb0f39c') in 0.028523 seconds 
========================================================================
Received Import Request.
  Time since last request: 0.000026 seconds.
  path: Assets/AssetStore/Billiard Balls/Models/Materials/Ball_07.mat
  artifactKey: Guid(bb3b3008af51c56448783fdd2c3045bd) Importer(815301076,1909f56bfc062723c751e8b465ee728b)
Start importing Assets/AssetStore/Billiard Balls/Models/Materials/Ball_07.mat using Guid(bb3b3008af51c56448783fdd2c3045bd) Importer(815301076,1909f56bfc062723c751e8b465ee728b)  -> (artifact id: 'c78464ac1c7a78d832fed742afc08792') in 0.025483 seconds 
Editor requested this worker to shutdown with reason: Scaling down because of idle timeout
AssetImportWorker is now disconnected from the server
Process exiting
Exiting without the bug reporter. Application will terminate with return code 0